d:\pingmoniter\pingmoniter\debug\vc120.pdb
d:\pingmoniter\pingmoniter\debug\vc120.idb
d:\pingmoniter\pingmoniter\debug\httprequestclientimpl.obj
d:\pingmoniter\pingmoniter\debug\json_reader.obj
d:\pingmoniter\pingmoniter\debug\json_value.obj
d:\pingmoniter\pingmoniter\debug\json_writer.obj
d:\pingmoniter\pingmoniter\debug\main.obj
d:\pingmoniter\pingmoniter\debug\moniterimpl.obj
d:\pingmoniter\pingmoniter\debug\sqlitewrapper.obj
d:\pingmoniter\pingmoniter\debug\threadimpl.obj
d:\pingmoniter\pingmoniter\debug\utilsimpl.obj
d:\pingmoniter\pingmoniter\debug\sqlite3.obj
d:\pingmoniter\debug\pingmoniter.ilk
d:\pingmoniter\debug\pingmoniter.exe
d:\pingmoniter\debug\pingmoniter.pdb
d:\pingmoniter\pingmoniter\debug\pingmoniter.tlog\cl.command.1.tlog
d:\pingmoniter\pingmoniter\debug\pingmoniter.tlog\cl.read.1.tlog
d:\pingmoniter\pingmoniter\debug\pingmoniter.tlog\cl.write.1.tlog
d:\pingmoniter\pingmoniter\debug\pingmoniter.tlog\link.command.1.tlog
d:\pingmoniter\pingmoniter\debug\pingmoniter.tlog\link.read.1.tlog
d:\pingmoniter\pingmoniter\debug\pingmoniter.tlog\link.write.1.tlog
